2025-05-26 16:08:18,469 INFO o.a.j.u.JMeterUtils: Setting Locale to en_EN
2025-05-26 16:08:18,497 INFO o.a.j.JMeter: Loading user properties from: C:\Users\VO2GROUP\Chanel\Projets\Github\VOC\apache-jmeter-5.6.3\apache-jmeter-5.6.3\bin\user.properties
2025-05-26 16:08:18,497 INFO o.a.j.JMeter: Loading system properties from: C:\Users\VO2GROUP\Chanel\Projets\Github\VOC\apache-jmeter-5.6.3\apache-jmeter-5.6.3\bin\system.properties
2025-05-26 16:08:18,512 INFO o.a.j.JMeter: Copyright (c) 1998-2024 The Apache Software Foundation
2025-05-26 16:08:18,512 INFO o.a.j.JMeter: Version 5.6.3
2025-05-26 16:08:18,512 INFO o.a.j.JMeter: java.version=23.0.2
2025-05-26 16:08:18,512 INFO o.a.j.JMeter: java.vm.name=Java HotSpot(TM) 64-Bit Server VM
2025-05-26 16:08:18,525 INFO o.a.j.JMeter: os.name=Windows 10
2025-05-26 16:08:18,525 INFO o.a.j.JMeter: os.arch=amd64
2025-05-26 16:08:18,525 INFO o.a.j.JMeter: os.version=10.0
2025-05-26 16:08:18,525 INFO o.a.j.JMeter: file.encoding=UTF-8
2025-05-26 16:08:18,525 INFO o.a.j.JMeter: java.awt.headless=true
2025-05-26 16:08:18,525 INFO o.a.j.JMeter: Max memory     =1073741824
2025-05-26 16:08:18,525 INFO o.a.j.JMeter: Available Processors =12
2025-05-26 16:08:18,541 INFO o.a.j.JMeter: Default Locale=English (EN)
2025-05-26 16:08:18,541 INFO o.a.j.JMeter: JMeter  Locale=English (EN)
2025-05-26 16:08:18,541 INFO o.a.j.JMeter: JMeterHome=C:\Users\VO2GROUP\Chanel\Projets\Github\VOC\apache-jmeter-5.6.3\apache-jmeter-5.6.3
2025-05-26 16:08:18,541 INFO o.a.j.JMeter: user.dir  =C:\Users\VO2GROUP\Chanel\Projets\Github\VOC
2025-05-26 16:08:18,541 INFO o.a.j.JMeter: PWD       =C:\Users\VO2GROUP\Chanel\Projets\Github\VOC
2025-05-26 16:08:18,728 INFO o.a.j.JMeter: IP: 172.18.182.135 Name: LAPTOP-S1D8MS6D FullName: 172.18.182.135
2025-05-26 16:08:18,759 INFO o.a.j.s.FileServer: Default base='C:\Users\VO2GROUP\Chanel\Projets\Github\VOC'
2025-05-26 16:08:18,759 INFO o.a.j.s.FileServer: Set new base='C:\Users\VO2GROUP\Chanel\Projets\Github\VOC\tests\jmx'
2025-05-26 16:08:19,251 INFO o.a.j.s.SaveService: Testplan (JMX) version: 2.2. Testlog (JTL) version: 2.2
2025-05-26 16:08:19,314 INFO o.a.j.s.SaveService: Using SaveService properties version 5.0
2025-05-26 16:08:19,314 INFO o.a.j.s.SaveService: Using SaveService properties file encoding UTF-8
2025-05-26 16:08:19,314 INFO o.a.j.s.SaveService: Loading file: tests\jmx\SurveyResponse_FNB.jmx
2025-05-26 16:08:19,414 INFO o.a.j.p.h.s.HTTPSamplerBase: Parser for text/html is org.apache.jmeter.protocol.http.parser.LagartoBasedHtmlParser
2025-05-26 16:08:19,414 INFO o.a.j.p.h.s.HTTPSamplerBase: Parser for application/xhtml+xml is org.apache.jmeter.protocol.http.parser.LagartoBasedHtmlParser
2025-05-26 16:08:19,414 INFO o.a.j.p.h.s.HTTPSamplerBase: Parser for application/xml is org.apache.jmeter.protocol.http.parser.LagartoBasedHtmlParser
2025-05-26 16:08:19,414 INFO o.a.j.p.h.s.HTTPSamplerBase: Parser for text/xml is org.apache.jmeter.protocol.http.parser.LagartoBasedHtmlParser
2025-05-26 16:08:19,414 INFO o.a.j.p.h.s.HTTPSamplerBase: Parser for text/vnd.wap.wml is org.apache.jmeter.protocol.http.parser.RegexpHTMLParser
2025-05-26 16:08:19,414 INFO o.a.j.p.h.s.HTTPSamplerBase: Parser for text/css is org.apache.jmeter.protocol.http.parser.CssParser
2025-05-26 16:08:19,583 INFO o.a.j.JMeter: Creating summariser <summary>
2025-05-26 16:08:19,618 INFO o.a.j.e.StandardJMeterEngine: Running the test!
2025-05-26 16:08:19,618 INFO o.a.j.s.SampleEvent: List of sample_variables: []
2025-05-26 16:08:19,618 INFO o.a.j.s.SampleEvent: List of sample_variables: []
2025-05-26 16:08:19,633 INFO o.a.j.e.u.CompoundVariable: Note: Function class names must contain the string: '.functions.'
2025-05-26 16:08:19,633 INFO o.a.j.e.u.CompoundVariable: Note: Function class names must not contain the string: '.gui.'
2025-05-26 16:08:19,784 INFO o.a.j.r.ResultCollector: Folder at C:\Users\VO2GROUP\Chanel\Projets\Github\VOC\results was created
2025-05-26 16:08:19,799 INFO o.a.j.JMeter: Running test (1748268499799)
2025-05-26 16:08:19,846 INFO o.a.j.e.StandardJMeterEngine: Starting ThreadGroup: 1 : 00 - PROFILS AUTHENTICATION
2025-05-26 16:08:19,846 INFO o.a.j.e.StandardJMeterEngine: Starting 1 threads for group 00 - PROFILS AUTHENTICATION.
2025-05-26 16:08:19,846 INFO o.a.j.e.StandardJMeterEngine: Thread will continue on error
2025-05-26 16:08:19,846 INFO o.a.j.t.ThreadGroup: Starting thread group... number=1 threads=1 ramp-up=1 delayedStart=false
2025-05-26 16:08:19,846 INFO o.a.j.t.ThreadGroup: Started thread group number 1
2025-05-26 16:08:19,846 INFO o.a.j.e.StandardJMeterEngine: Waiting for thread group: 00 - PROFILS AUTHENTICATION to finish before starting next group
2025-05-26 16:08:19,862 INFO o.a.j.t.JMeterThread: Thread started: 00 - PROFILS AUTHENTICATION 1-1
2025-05-26 16:08:19,884 INFO o.a.j.p.h.s.HTTPHCAbstractImpl: Local host = LAPTOP-S1D8MS6D
2025-05-26 16:08:19,884 INFO o.a.j.p.h.s.HTTPHC4Impl: HTTP request retry count = 0
2025-05-26 16:08:19,884 INFO o.a.j.s.SampleResult: Note: Sample TimeStamps are START times
2025-05-26 16:08:19,884 INFO o.a.j.s.SampleResult: sampleresult.default.encoding is set to UTF-8
2025-05-26 16:08:19,884 INFO o.a.j.s.SampleResult: sampleresult.useNanoTime=true
2025-05-26 16:08:19,884 INFO o.a.j.s.SampleResult: sampleresult.nanoThreadSleep=5000
2025-05-26 16:08:20,061 INFO o.a.j.p.h.s.h.LazyLayeredConnectionSocketFactory: Setting up HTTPS TrustAll Socket Factory
2025-05-26 16:08:20,076 INFO o.a.j.u.JsseSSLManager: Using default SSL protocol: TLS
2025-05-26 16:08:20,076 INFO o.a.j.u.JsseSSLManager: SSL session context: per-thread
2025-05-26 16:08:20,178 INFO o.a.j.u.SSLManager: JmeterKeyStore Location:  type JKS
2025-05-26 16:08:20,185 INFO o.a.j.u.SSLManager: KeyStore created OK
2025-05-26 16:08:20,185 WARN o.a.j.u.SSLManager: Keystore file not found, loading empty keystore
2025-05-26 16:08:20,951 INFO o.a.j.t.JMeterThread: Thread is done: 00 - PROFILS AUTHENTICATION 1-1
2025-05-26 16:08:20,951 INFO o.a.j.t.JMeterThread: Thread finished: 00 - PROFILS AUTHENTICATION 1-1
2025-05-26 16:08:20,951 INFO o.a.j.e.StandardJMeterEngine: Starting ThreadGroup: 2 : 01 - SURVEY FNB Post Purchase
2025-05-26 16:08:20,951 INFO o.a.j.e.StandardJMeterEngine: Starting 1 threads for group 01 - SURVEY FNB Post Purchase.
2025-05-26 16:08:20,951 INFO o.a.j.e.StandardJMeterEngine: Thread will start next loop on error
2025-05-26 16:08:20,951 INFO o.a.j.t.ThreadGroup: Starting thread group... number=2 threads=1 ramp-up=1 delayedStart=false
2025-05-26 16:08:20,951 INFO o.a.j.t.ThreadGroup: Started thread group number 2
2025-05-26 16:08:20,951 INFO o.a.j.e.StandardJMeterEngine: All thread groups have been started
2025-05-26 16:08:20,951 INFO o.a.j.t.JMeterThread: Thread started: 01 - SURVEY FNB Post Purchase 2-1
2025-05-26 16:09:32,768 INFO o.a.j.r.Summariser: summary +      5 in 00:01:13 =    0.1/s Avg:  1139 Min:   685 Max:  1888 Err:     0 (0.00%) Active: 1 Started: 2 Finished: 1
2025-05-26 16:10:02,976 INFO o.a.j.r.Summariser: summary +      1 in 00:00:30 =    0.0/s Avg:   189 Min:   189 Max:   189 Err:     0 (0.00%) Active: 1 Started: 2 Finished: 1
2025-05-26 16:10:02,976 INFO o.a.j.r.Summariser: summary =      6 in 00:01:43 =    0.1/s Avg:   981 Min:   189 Max:  1888 Err:     0 (0.00%)
2025-05-26 16:11:23,975 INFO o.a.j.t.JMeterThread: Thread is done: 01 - SURVEY FNB Post Purchase 2-1
2025-05-26 16:11:23,975 INFO o.a.j.t.JMeterThread: Thread finished: 01 - SURVEY FNB Post Purchase 2-1
2025-05-26 16:11:23,975 INFO o.a.j.e.StandardJMeterEngine: Notifying test listeners of end of test
2025-05-26 16:11:23,975 INFO o.a.j.r.Summariser: summary +      1 in 00:01:21 =    0.0/s Avg:   991 Min:   991 Max:   991 Err:     0 (0.00%) Active: 0 Started: 2 Finished: 2
2025-05-26 16:11:23,975 INFO o.a.j.r.Summariser: summary =      7 in 00:03:04 =    0.0/s Avg:   982 Min:   189 Max:  1888 Err:     0 (0.00%)
